<?xml version="1.0" encoding="UTF-8"?>
<!-- Generated by org.testng.reporters.JUnitReportReporter -->
<testsuite hostname="Babu" failures="0" tests="4" name="testCase.DataProviderClass" time="0.020" errors="0" timestamp="2025-04-25T18:28:35 IST" skipped="0">
  <testcase classname="testCase.DataProviderClass" name="def" time="0.014"/>
  <system-out/>
  <testcase classname="testCase.DataProviderClass" name="abc" time="0.002"/>
  <system-out/>
  <testcase classname="testCase.DataProviderClass" name="loginPage" time="0.002"/>
  <system-out/>
  <testcase classname="testCase.DataProviderClass" name="loginPage" time="0.002"/>
  <system-out/>
</testsuite> <!-- testCase.DataProviderClass -->
