<?xml version="1.0" encoding="UTF-8"?>
<!-- Generated by org.testng.reporters.JUnitReportReporter -->
<testsuite hostname="Babu" failures="0" tests="1" name="streams.WebTableSortVerification" time="2.640" errors="0" timestamp="2025-05-07T12:36:55 IST" skipped="0">
  <testcase classname="streams.WebTableSortVerification" name="columnSortVerification" time="2.640"/>
  <system-out/>
</testsuite> <!-- streams.WebTableSortVerification -->
