<?xml version="1.0" encoding="UTF-8"?>
<!-- Generated by org.testng.reporters.JUnitReportReporter -->
<testsuite hostname="Babu" failures="0" tests="3" name="Test.Project1.testngParallel" time="19.579" errors="0" timestamp="2024-02-16T12:13:31 IST" skipped="0">
  <testcase classname="Test.Project1.testngParallel" name="printStatement" time="0.008"/>
  <system-out/>
  <testcase classname="Test.Project1.testngParallel" name="launchUrl" time="19.568"/>
  <system-out/>
  <testcase classname="Test.Project1.testngParallel" name="printStatement2" time="0.003"/>
  <system-out/>
</testsuite> <!-- Test.Project1.testngParallel -->
