<?xml version="1.0" encoding="UTF-8"?>
<!-- Generated by org.testng.reporters.JUnitReportReporter -->
<testsuite hostname="Babu" failures="0" tests="1" name="Test.Project1.FireFoxLaunch" time="111.428" errors="0" timestamp="2024-02-16T12:34:17 IST" skipped="0">
  <testcase classname="Test.Project1.FireFoxLaunch" name="firefoxLaunch" time="111.428"/>
  <system-out/>
</testsuite> <!-- Test.Project1.FireFoxLaunch -->
