<?xml version="1.0" encoding="UTF-8"?>
<!-- Generated by org.testng.reporters.JUnitReportReporter -->
<testsuite hostname="Babu" failures="0" tests="1" name="testPackage.NewTest" time="0.011" errors="0" timestamp="2024-03-06T12:36:16 IST" skipped="0">
  <testcase classname="testPackage.NewTest" name="Two" time="0.011"/>
  <system-out/>
</testsuite> <!-- testPackage.NewTest -->
