<?xml version="1.0" encoding="UTF-8"?>
<!-- Generated by org.testng.reporters.JUnitReportReporter -->
<testsuite hostname="Babu" failures="0" tests="2" name="testCase.DropDownCheck" time="288.127" errors="0" timestamp="2025-05-06T11:00:56 IST" skipped="0">
  <testcase classname="testCase.DropDownCheck" name="autoCompleteDropDown" time="2.702"/>
  <system-out/>
  <testcase classname="testCase.DropDownCheck" name="normalDropDownSelect" time="285.425"/>
  <system-out/>
</testsuite> <!-- testCase.DropDownCheck -->
