<?xml version="1.0" encoding="UTF-8"?>
<!-- Generated by org.testng.reporters.JUnitReportReporter -->
<testsuite hostname="Babu" failures="0" tests="2" name="streams.StremBasic" time="0.022" errors="0" timestamp="2025-05-07T10:16:22 IST" skipped="0">
  <testcase classname="streams.StremBasic" name="streamToList" time="0.007"/>
  <system-out/>
  <testcase classname="streams.StremBasic" name="arrayCheck" time="0.015"/>
  <system-out/>
</testsuite> <!-- streams.StremBasic -->
