<?xml version="1.0" encoding="UTF-8"?>
<!-- Generated by org.testng.reporters.JUnitReportReporter -->
<testsuite hostname="Babu" failures="0" tests="1" name="testCase.WebTableClass" time="10.075" errors="0" timestamp="2025-04-25T21:38:40 IST" skipped="0">
  <testcase classname="testCase.WebTableClass" name="webTable" time="10.075"/>
  <system-out/>
</testsuite> <!-- testCase.WebTableClass -->
