<?xml version="1.0" encoding="UTF-8"?>
<!-- Generated by org.testng.reporters.JUnitReportReporter -->
<testsuite hostname="Babu" failures="0" tests="2" name="testCase.ProductAdd" time="11.798" errors="1" timestamp="2025-05-06T12:40:04 IST" skipped="0">
  <testcase classname="testCase.ProductAdd" name="CloseBrowser" time="10.087">
    <error message="Failed to decode response from marionette
Build info: version: &#039;4.18.1&#039;, revision: &#039;b1d3319b48&#039;
System info: os.name: &#039;Windows 11&#039;, os.arch: &#039;amd64&#039;, os.version: &#039;10.0&#039;, java.version: &#039;17.0.3&#039;
Driver info: org.openqa.selenium.firefox.FirefoxDriver
Command: [0ebb3989-40ff-43e6-8f87-7112bcc189bc, quit {}]
Capabilities {acceptInsecureCerts: true, browserName: firefox, browserVersion: 137.0.2, moz:accessibilityChecks: false, moz:buildID: 20250414091429, moz:geckodriverVersion: 0.36.0, moz:headless: false, moz:platformVersion: 10.0, moz:processID: 13084, moz:profile: C:\Users\HP\AppData\Local\T..., moz:shutdownTimeout: 60000, moz:webdriverClick: true, moz:windowless: false, pageLoadStrategy: normal, platformName: windows, proxy: Proxy(), setWindowRect: true, strictFileInteractability: false, timeouts: {implicit: 0, pageLoad: 300000, script: 30000}, unhandledPromptBehavior: dismiss and notify, userAgent: Mozilla/5.0 (Windows NT 10....}
Session ID: 0ebb3989-40ff-43e6-8f87-7112bcc189bc" type="org.openqa.selenium.WebDriverException">
      <![CDATA[org.openqa.selenium.WebDriverException: Failed to decode response from marionette
Build info: version: '4.18.1', revision: 'b1d3319b48'
System info: os.name: 'Windows 11', os.arch: 'amd64', os.version: '10.0', java.version: '17.0.3'
Driver info: org.openqa.selenium.firefox.FirefoxDriver
Command: [0ebb3989-40ff-43e6-8f87-7112bcc189bc, quit {}]
Capabilities {acceptInsecureCerts: true, browserName: firefox, browserVersion: 137.0.2, moz:accessibilityChecks: false, moz:buildID: 20250414091429, moz:geckodriverVersion: 0.36.0, moz:headless: false, moz:platformVersion: 10.0, moz:processID: 13084, moz:profile: C:\Users\HP\AppData\Local\T..., moz:shutdownTimeout: 60000, moz:webdriverClick: true, moz:windowless: false, pageLoadStrategy: normal, platformName: windows, proxy: Proxy(), setWindowRect: true, strictFileInteractability: false, timeouts: {implicit: 0, pageLoad: 300000, script: 30000}, unhandledPromptBehavior: dismiss and notify, userAgent: Mozilla/5.0 (Windows NT 10....}
Session ID: 0ebb3989-40ff-43e6-8f87-7112bcc189bc
at java.base/jdk.internal.reflect.NativeConstructorAccessorImpl.newInstance0(Native Method)
at java.base/jdk.internal.reflect.NativeConstructorAccessorImpl.newInstance(NativeConstructorAccessorImpl.java:77)
at java.base/jdk.internal.reflect.DelegatingConstructorAccessorImpl.newInstance(DelegatingConstructorAccessorImpl.java:45)
at java.base/java.lang.reflect.Constructor.newInstanceWithCaller(Constructor.java:499)
at java.base/java.lang.reflect.Constructor.newInstance(Constructor.java:480)
at org.openqa.selenium.remote.ErrorCodec.decode(ErrorCodec.java:167)
at org.openqa.selenium.remote.codec.w3c.W3CHttpResponseCodec.decode(W3CHttpResponseCodec.java:138)
at org.openqa.selenium.remote.codec.w3c.W3CHttpResponseCodec.decode(W3CHttpResponseCodec.java:50)
at org.openqa.selenium.remote.HttpCommandExecutor.execute(HttpCommandExecutor.java:190)
at org.openqa.selenium.remote.service.DriverCommandExecutor.invokeExecute(DriverCommandExecutor.java:216)
at org.openqa.selenium.remote.service.DriverCommandExecutor.lambda$execute$1(DriverCommandExecutor.java:126)
at java.base/java.util.concurrent.CompletableFuture$AsyncSupply.run(CompletableFuture.java:1768)
at java.base/java.util.concurrent.ThreadPoolExecutor.runWorker(ThreadPoolExecutor.java:1136)
at java.base/java.util.concurrent.ThreadPoolExecutor$Worker.run(ThreadPoolExecutor.java:635)
at java.base/java.lang.Thread.run(Thread.java:833)
]]>
    </error>
  </testcase> <!-- CloseBrowser -->
  <system-out/>
  <testcase classname="testCase.ProductAdd" name="productCheckout" time="1.711"/>
  <system-out/>
</testsuite> <!-- testCase.ProductAdd -->
